2025-08-25 21:57:26.118 INFO  c.k.katalon.core.main.TestSuiteExecutor  - START Test Suites/Employee
2025-08-25 21:57:26.213 INFO  c.k.katalon.core.main.TestSuiteExecutor  - userFullName = Dhamara Pratama
2025-08-25 21:57:26.214 INFO  c.k.katalon.core.main.TestSuiteExecutor  - projectName = Test
2025-08-25 21:57:26.216 INFO  c.k.katalon.core.main.TestSuiteExecutor  - hostName = user - DESKTOP-B0BSFCQ
2025-08-25 21:57:26.216 INFO  c.k.katalon.core.main.TestSuiteExecutor  - os = Windows 11 64bit
2025-08-25 21:57:26.218 INFO  c.k.katalon.core.main.TestSuiteExecutor  - hostAddress = 192.168.1.35
2025-08-25 21:57:26.219 INFO  c.k.katalon.core.main.TestSuiteExecutor  - katalonVersion = 10.3.1.0
2025-08-25 21:57:26.728 INFO  c.k.katalon.core.main.TestCaseExecutor   - --------------------
2025-08-25 21:57:26.728 INFO  c.k.katalon.core.main.TestCaseExecutor   - START Test Cases/Employee/TC_AddEmployee
2025-08-25 21:57:27.166 DEBUG testcase.TC_AddEmployee                  - 1: openBrowser("")
2025-08-25 21:57:27.433 INFO  c.k.k.core.webui.driver.DriverFactory    - Starting 'Chrome' driver
2025-08-25 21:57:27.491 INFO  c.k.k.core.webui.driver.DriverFactory    - Action delay is set to 0 milliseconds
Agu 25, 2025 9:57:28 PM org.openqa.selenium.devtools.CdpVersionFinder findNearestMatch
WARNING: Unable to find an exact match for CDP version 139, returning the closest version; found: 138; Please update to a Selenium version that supports CDP version 139
2025-08-25 21:57:29.125 INFO  c.k.k.core.webui.driver.DriverFactory    - sessionId = 2fcfc3a7d87fc9e37ca1d42e314546b9
2025-08-25 21:57:29.126 INFO  c.k.k.core.webui.driver.DriverFactory    - browser = Chrome 139.0.7258.139
2025-08-25 21:57:29.128 INFO  c.k.k.core.webui.driver.DriverFactory    - platform = Windows 11
2025-08-25 21:57:29.129 INFO  c.k.k.core.webui.driver.DriverFactory    - seleniumVersion = 4.28.1
2025-08-25 21:57:29.141 INFO  c.k.k.core.webui.driver.DriverFactory    - proxyInformation = ProxyInformation { proxyOption=NO_PROXY, proxyServerType=HTTP, username=, password=********, proxyServerAddress=, proxyServerPort=0, executionList="", isApplyToDesiredCapabilities=true }
2025-08-25 21:57:29.205 DEBUG testcase.TC_AddEmployee                  - 2: navigateToUrl("https://opensource-demo.orangehrmlive.com/web/index.php/auth/login")
2025-08-25 21:57:32.564 DEBUG testcase.TC_AddEmployee                  - 3: setText(findTestObject("Object Repository/Page_OrangeHRM/input_Username_username"), "Admin")
2025-08-25 21:57:33.776 DEBUG testcase.TC_AddEmployee                  - 4: setEncryptedText(findTestObject("Object Repository/Page_OrangeHRM/input_Password_password"), "hUKwJTbofgPU9eVlw/CnDQ==")
2025-08-25 21:57:34.113 DEBUG testcase.TC_AddEmployee                  - 5: sendKeys(findTestObject("Object Repository/Page_OrangeHRM/input_Password_password"), Keys.chord(ENTER))
2025-08-25 21:57:34.416 DEBUG testcase.TC_AddEmployee                  - 6: click(findTestObject("Object Repository/Page_OrangeHRM/a_Admin_oxd-main-menu-item"))
2025-08-25 21:57:38.377 DEBUG testcase.TC_AddEmployee                  - 7: click(findTestObject("Object Repository/Page_OrangeHRM/li_Configuration_oxd-topbar-body-nav-tab"))
2025-08-25 21:57:45.730 DEBUG testcase.TC_AddEmployee                  - 8: click(findTestObject("Object Repository/Page_OrangeHRM/div_Configuration_orangehrm-card-container"))
2025-08-25 21:57:47.040 DEBUG testcase.TC_AddEmployee                  - 9: setText(findTestObject("Object Repository/Page_OrangeHRM/input_Employee Full Name_firstName"), "qwer")
2025-08-25 21:57:47.614 DEBUG testcase.TC_AddEmployee                  - 10: setText(findTestObject("Object Repository/Page_OrangeHRM/input_Employee Full Name_lastName"), "rtyu")
2025-08-25 21:57:48.172 DEBUG testcase.TC_AddEmployee                  - 11: click(findTestObject("Object Repository/Page_OrangeHRM/button_Cancel_oxd-button oxd-button--medium_160139"))
2025-08-25 21:57:48.488 DEBUG testcase.TC_AddEmployee                  - 12: click(findTestObject("Object Repository/Page_OrangeHRM/div_OrangeHRM, Inc_oxd-toast oxd-toast--suc_e9b1cc"))
2025-08-25 21:57:50.289 DEBUG testcase.TC_AddEmployee                  - 13: click(findTestObject("Object Repository/Page_OrangeHRM/button__oxd-button oxd-button--medium oxd-b_ad9c84"))
2025-08-25 21:57:54.428 DEBUG testcase.TC_AddEmployee                  - 14: click(findTestObject("Object Repository/Page_OrangeHRM/li__oxd-topbar-body-nav-tab"))
2025-08-25 21:57:55.640 DEBUG testcase.TC_AddEmployee                  - 15: closeBrowser()
2025-08-25 21:57:55.790 INFO  c.k.katalon.core.main.TestCaseExecutor   - END Test Cases/Employee/TC_AddEmployee
2025-08-25 21:57:55.821 INFO  c.k.katalon.core.main.TestSuiteExecutor  - --------------------
2025-08-25 21:57:55.821 INFO  c.k.katalon.core.main.TestSuiteExecutor  - END Test Suites/Employee
2025-08-25 21:57:55.821 INFO  c.k.katalon.core.main.TestSuiteExecutor  - ====================
